2023-03-31 19:02:58.122 [main] INFO  com.course.Application - Starting Application v1.0-SNAPSHOT on LAPTOP-PSMK3TE0 with PID 13216 (D:\IdeaProjects\imooc\AutoTest\Chapter13\target\Chapter13-1.0-SNAPSHOT.jar started by ThinkPad in D:\IdeaProjects\imooc\AutoTest\Chapter13\target)
2023-03-31 19:02:58.127 [main] INFO  com.course.Application - The following profiles are active: dev
2023-03-31 19:03:02.910 [main] WARN  org.mybatis.spring.mapper.ClassPathMapperScanner - No MyBatis mapper was found in '[com.course]' package. Please check your configuration.
2023-03-31 19:03:05.929 [main] INFO  org.springframework.boot.web.embedded.tomcat.TomcatWebServer - Tomcat initialized with port(s): 8899 (http)
2023-03-31 19:03:05.957 [main] INFO  org.apache.catalina.core.StandardService - Starting service [Tomcat]
2023-03-31 19:03:05.958 [main] INFO  org.apache.catalina.core.StandardEngine - Starting Servlet engine: [Apache Tomcat/9.0.43]
2023-03-31 19:03:06.210 [main] INFO  org.apache.catalina.core.ContainerBase.[Tomcat].[localhost].[/] - Initializing Spring embedded WebApplicationContext
2023-03-31 19:03:06.211 [main] INFO  org.springframework.boot.web.servlet.context.ServletWebServerApplicationContext - Root WebApplicationContext: initialization completed in 7891 ms
2023-03-31 19:03:09.501 [main] INFO  org.springframework.scheduling.concurrent.ThreadPoolTaskExecutor - Initializing ExecutorService 'applicationTaskExecutor'
2023-03-31 19:03:10.156 [main] INFO  org.springframework.scheduling.concurrent.ThreadPoolTaskScheduler - Initializing ExecutorService 'taskScheduler'
2023-03-31 19:03:10.292 [main] WARN  o.s.boot.web.servlet.context.AnnotationConfigServletWebServerApplicationContext - Exception encountered during context initialization - cancelling refresh attempt: org.springframework.context.ApplicationContextException: Failed to start bean 'webServerStartStop'; nested exception is org.springframework.boot.web.server.PortInUseException: Port 8899 is already in use
2023-03-31 19:03:10.294 [main] INFO  org.springframework.scheduling.concurrent.ThreadPoolTaskScheduler - Shutting down ExecutorService 'taskScheduler'
2023-03-31 19:03:10.296 [main] INFO  org.springframework.scheduling.concurrent.ThreadPoolTaskExecutor - Shutting down ExecutorService 'applicationTaskExecutor'
2023-03-31 19:03:10.314 [main] INFO  org.apache.catalina.core.StandardService - Stopping service [Tomcat]
2023-03-31 19:03:10.338 [main] INFO  o.s.boot.autoconfigure.logging.ConditionEvaluationReportLoggingListener - 

Error starting ApplicationContext. To display the conditions report re-run your application with 'debug' enabled.
2023-03-31 19:03:10.346 [main] ERROR org.springframework.boot.diagnostics.LoggingFailureAnalysisReporter - 

***************************
APPLICATION FAILED TO START
***************************

Description:

Web server failed to start. Port 8899 was already in use.

Action:

Identify and stop the process that's listening on port 8899 or configure this application to listen on another port.

2023-03-31 19:04:33.483 [main] INFO  com.course.Application - Starting Application v1.0-SNAPSHOT on LAPTOP-PSMK3TE0 with PID 22904 (D:\IdeaProjects\imooc\AutoTest\Chapter13\target\Chapter13-1.0-SNAPSHOT.jar started by ThinkPad in D:\IdeaProjects\imooc\AutoTest\Chapter13\target)
2023-03-31 19:04:33.488 [main] INFO  com.course.Application - The following profiles are active: dev
2023-03-31 19:04:38.701 [main] WARN  org.mybatis.spring.mapper.ClassPathMapperScanner - No MyBatis mapper was found in '[com.course]' package. Please check your configuration.
2023-03-31 19:04:43.232 [main] INFO  org.springframework.boot.web.embedded.tomcat.TomcatWebServer - Tomcat initialized with port(s): 8899 (http)
2023-03-31 19:04:43.281 [main] INFO  org.apache.catalina.core.StandardService - Starting service [Tomcat]
2023-03-31 19:04:43.282 [main] INFO  org.apache.catalina.core.StandardEngine - Starting Servlet engine: [Apache Tomcat/9.0.43]
2023-03-31 19:04:43.620 [main] INFO  org.apache.catalina.core.ContainerBase.[Tomcat].[localhost].[/] - Initializing Spring embedded WebApplicationContext
2023-03-31 19:04:43.621 [main] INFO  org.springframework.boot.web.servlet.context.ServletWebServerApplicationContext - Root WebApplicationContext: initialization completed in 9933 ms
2023-03-31 19:04:46.503 [main] INFO  org.springframework.scheduling.concurrent.ThreadPoolTaskExecutor - Initializing ExecutorService 'applicationTaskExecutor'
2023-03-31 19:04:47.167 [main] INFO  org.springframework.scheduling.concurrent.ThreadPoolTaskScheduler - Initializing ExecutorService 'taskScheduler'
2023-03-31 19:04:47.392 [main] INFO  org.springframework.boot.web.embedded.tomcat.TomcatWebServer - Tomcat started on port(s): 8899 (http) with context path ''
2023-03-31 19:04:48.229 [main] INFO  com.course.Application - Started Application in 15.982 seconds (JVM running for 17.363)
2023-03-31 19:05:00.616 [SpringContextShutdownHook] INFO  org.springframework.scheduling.concurrent.ThreadPoolTaskScheduler - Shutting down ExecutorService 'taskScheduler'
2023-03-31 19:05:00.617 [SpringContextShutdownHook] INFO  org.springframework.scheduling.concurrent.ThreadPoolTaskExecutor - Shutting down ExecutorService 'applicationTaskExecutor'
